TN:
SF:lib\Employee.js
FN:2,(anonymous_0)
FN:9,(anonymous_1)
FN:13,(anonymous_2)
FN:17,(anonymous_3)
FN:21,(anonymous_4)
FNF:5
FNH:5
FNDA:19,(anonymous_0)
FNDA:12,(anonymous_1)
FNDA:12,(anonymous_2)
FNDA:12,(anonymous_3)
FNDA:12,(anonymous_4)
DA:3,19
DA:4,19
DA:5,19
DA:6,19
DA:10,12
DA:14,12
DA:18,12
DA:22,12
DA:26,4
LF:9
LH:9
BRF:0
BRH:0
end_of_record
TN:
SF:lib\Engineer.js
FN:4,(anonymous_0)
FN:10,(anonymous_1)
FNF:2
FNH:2
FNDA:5,(anonymous_0)
FNDA:3,(anonymous_1)
DA:1,1
DA:5,5
DA:6,5
DA:7,5
DA:11,3
DA:15,1
LF:6
LH:6
BRF:0
BRH:0
end_of_record
TN:
SF:lib\Intern.js
FN:4,(anonymous_0)
FN:10,(anonymous_1)
FNF:2
FNH:2
FNDA:5,(anonymous_0)
FNDA:3,(anonymous_1)
DA:1,1
DA:5,5
DA:6,5
DA:7,5
DA:11,3
DA:15,1
LF:6
LH:6
BRF:0
BRH:0
end_of_record
TN:
SF:lib\Manager.js
FN:4,(anonymous_0)
FN:10,(anonymous_1)
FNF:2
FNH:2
FNDA:5,(anonymous_0)
FNDA:3,(anonymous_1)
DA:1,1
DA:5,5
DA:6,5
DA:7,5
DA:11,3
DA:15,1
LF:6
LH:6
BRF:0
BRH:0
end_of_record
